<?xml version="1.0" encoding="UTF-8"?>
<testng-results skipped="0" failed="0" ignored="0" total="1" passed="1">
  <reporter-output>
  </reporter-output>
  <suite name="Default suite" duration-ms="34874" started-at="2020-02-17T00:12:17 IST" finished-at="2020-02-17T00:12:51 IST">
    <groups>
    </groups>
    <test name="Default test" duration-ms="34874" started-at="2020-02-17T00:12:17 IST" finished-at="2020-02-17T00:12:51 IST">
      <class name="com.crm.qa.testcases.ContactsPageTest">
        <test-method status="PASS" signature="setup()[pri:0, instance:com.crm.qa.testcases.ContactsPageTest@614ddd49]" name="setup" is-config="true" duration-ms="23809" started-at="2020-02-17T00:12:17 IST" finished-at="2020-02-17T00:12:40 IST">
          <reporter-output>
          </reporter-output>
        </test-method> <!-- setup -->
        <test-method status="PASS" signature="VerifyCreateNewContactbtn()[pri:0, instance:com.crm.qa.testcases.ContactsPageTest@614ddd49]" name="VerifyCreateNewContactbtn" duration-ms="5424" started-at="2020-02-17T00:12:40 IST" finished-at="2020-02-17T00:12:46 IST">
          <reporter-output>
          </reporter-output>
        </test-method> <!-- VerifyCreateNewContactbtn -->
        <test-method status="PASS" signature="teardown()[pri:0, instance:com.crm.qa.testcases.ContactsPageTest@614ddd49]" name="teardown" is-config="true" duration-ms="5593" started-at="2020-02-17T00:12:46 IST" finished-at="2020-02-17T00:12:51 IST">
          <reporter-output>
          </reporter-output>
        </test-method> <!-- teardown -->
      </class> <!-- com.crm.qa.testcases.ContactsPageTest -->
    </test> <!-- Default test -->
  </suite> <!-- Default suite -->
</testng-results>
