<?xml version="1.0" encoding="UTF-8"?>
<!-- Generated by org.testng.reporters.JUnitXMLReporter -->
<testsuite hostname="DESKTOP-FLV7KC1" ignored="0" name="Free CRM Application Test" tests="2" failures="0" timestamp="2020-02-16T19:50:09 IST" time="35.676" errors="0">
  <testcase name="VerifyCreateNewContactbtn" time="5.311" classname="com.crm.qa.testcases.ContactsPageTest"/>
  <testcase name="VerifyCreateNewContactFunctionality" time="0.0" classname="com.crm.qa.testcases.CreateNewContactsPageTest">
    <skipped/>
  </testcase> <!-- VerifyCreateNewContactFunctionality -->
</testsuite> <!-- Free CRM Application Test -->
